<?xml version="1.0" encoding="UTF-8"?>
<!-- Generated by org.testng.reporters.JUnitXMLReporter -->
<testsuite ignored="0" hostname="Maxima" failures="1" tests="6" name="tests" time="31.64" errors="0" timestamp="2023-02-28T09:16:41 IST">
  <testcase classname="testNG_TestCasses.LoginTestWithInvalidData" name="test1_VerifyLoginByPassingInValidEmailAndPassword" time="3.892"/>
  <testcase classname="testNG_TestCasses.LoginTestWithValidData" name="test1_VerifyLoginByPassingValidEmailAndPassword" time="4.629"/>
  <testcase classname="testNG_TestCasses.SearchAProductTest" name="test1_SearchAProductTest" time="4.914"/>
  <testcase classname="testNG_TestCasses.LoginTestWithInvalidData" name="test2_VerifyLoginByPassingInValidMobileAndPassword" time="0.883"/>
  <testcase classname="testNG_TestCasses.LoginTestWithValidData" name="test2_VerifyLoginByPassingValidMobileAndPassword" time="4.428"/>
  <testcase classname="testNG_TestCasses.PDPTest" name="test1_VerifyTheProductTest" time="13.341">
    <failure type="java.lang.AssertionError" message="The following asserts failed:
	expected [Amkette Evo Gamepad Pro 4 for Android | Instant Play | Bluetooth 4.0 | Extendable Smartphone Clamp | Works with COD, Mobile Legends, BGMI, LOLWR and Many More | (Iphone and Mediatek Devices not Supported) (Black)] but found [EvoFox Elite Ops Wireless Gamepad for Android TV, PC (X Input) and PS3 | Type-C Charging | 8+ Hours of Play Time | Zero Lag Connectivity Upto 12 Feets | Digital Triggers | USB Extender for TV Included | - Dusk Grey]">
      <![CDATA[java.lang.AssertionError: The following asserts failed:
expected [Amkette Evo Gamepad Pro 4 for Android | Instant Play | Bluetooth 4.0 | Extendable Smartphone Clamp | Works with COD, Mobile Legends, BGMI, LOLWR and Many More | (Iphone and Mediatek Devices not Supported) (Black)] but found [EvoFox Elite Ops Wireless Gamepad for Android TV, PC (X Input) and PS3 | Type-C Charging | 8+ Hours of Play Time | Zero Lag Connectivity Upto 12 Feets | Digital Triggers | USB Extender for TV Included | - Dusk Grey]
at testNG_TestCasses.PDPTest.test1_VerifyTheProductTest(PDPTest.java:88)
at java.base/java.util.concurrent.ThreadPoolExecutor.runWorker(ThreadPoolExecutor.java:1144)
at java.base/java.util.concurrent.ThreadPoolExecutor$Worker.run(ThreadPoolExecutor.java:642)
at java.base/java.lang.Thread.run(Thread.java:1589)
... Removed 12 stack frames]]>
    </failure>
  </testcase> <!-- test1_VerifyTheProductTest -->
</testsuite> <!-- tests -->
