<html>
<head>
<title>TestNG:  tests</title>
<link href="../testng.css" rel="stylesheet" type="text/css" />
<link href="../my-testng.css" rel="stylesheet" type="text/css" />

<style type="text/css">
.log { display: none;} 
.stack-trace { display: none;} 
</style>
<script type="text/javascript">
<!--
function flip(e) {
  current = e.style.display;
  if (current == 'block') {
    e.style.display = 'none';
    return 0;
  }
  else {
    e.style.display = 'block';
    return 1;
  }
}

function toggleBox(szDivId, elem, msg1, msg2)
{
  var res = -1;  if (document.getElementById) {
    res = flip(document.getElementById(szDivId));
  }
  else if (document.all) {
    // this is the way old msie versions work
    res = flip(document.all[szDivId]);
  }
  if(elem) {
    if(res == 0) elem.innerHTML = msg1; else elem.innerHTML = msg2;
  }

}

function toggleAllBoxes() {
  if (document.getElementsByTagName) {
    d = document.getElementsByTagName('div');
    for (i = 0; i < d.length; i++) {
      if (d[i].className == 'log') {
        flip(d[i]);
      }
    }
  }
}

// -->
</script>

</head>
<body>
<h2 align='center'>tests</h2><table border='1' align="center">
<tr>
<td>Tests passed/Failed/Skipped:</td><td>5/1/0</td>
</tr><tr>
<td>Started on:</td><td>Tue Feb 28 09:16:09 IST 2023</td>
</tr>
<tr><td>Total time:</td><td>31 seconds (31640 ms)</td>
</tr><tr>
<td>Included groups:</td><td></td>
</tr><tr>
<td>Excluded groups:</td><td></td>
</tr>
</table><p/>
<small><i>(Hover the method name to see the test class name)</i></small><p/>
<table width='100%' border='1' class='invocation-failed'>
<tr><td colspan='4' align='center'><b>FAILED TESTS</b></td></tr>
<tr><td><b>Test method</b></td>
<td width="30%"><b>Exception</b></td>
<td width="10%"><b>Time (seconds)</b></td>
<td><b>Instance</b></td>
</tr>
<tr>
<td title='testNG_TestCasses.PDPTest.test1_VerifyTheProductTest()'><b>test1_VerifyTheProductTest</b><br>Test class: testNG_TestCasses.PDPTest</td>
<td><div><pre>java.lang.AssertionError: The following asserts failed:
	expected [Amkette Evo Gamepad Pro 4 for Android | Instant Play | Bluetooth 4.0 | Extendable Smartphone Clamp | Works with COD, Mobile Legends, BGMI, LOLWR and Many More | (Iphone and Mediatek Devices not Supported) (Black)] but found [EvoFox Elite Ops Wireless Gamepad for Android TV, PC (X Input) and PS3 | Type-C Charging | 8+ Hours of Play Time | Zero Lag Connectivity Upto 12 Feets | Digital Triggers | USB Extender for TV Included | - Dusk Grey]
	at testNG_TestCasses.PDPTest.test1_VerifyTheProductTest(PDPTest.java:88)
	at java.base/java.util.concurrent.ThreadPoolExecutor.runWorker(ThreadPoolExecutor.java:1144)
	at java.base/java.util.concurrent.ThreadPoolExecutor$Worker.run(ThreadPoolExecutor.java:642)
	at java.base/java.lang.Thread.run(Thread.java:1589)
... Removed 12 stack frames</pre></div><a href='#' onClick='toggleBox("stack-trace986271747", this, "Click to show all stack frames", "Click to hide stack frames")'>Click to show all stack frames</a>
<div class='stack-trace' id='stack-trace986271747'><pre>java.lang.AssertionError: The following asserts failed:
	expected [Amkette Evo Gamepad Pro 4 for Android | Instant Play | Bluetooth 4.0 | Extendable Smartphone Clamp | Works with COD, Mobile Legends, BGMI, LOLWR and Many More | (Iphone and Mediatek Devices not Supported) (Black)] but found [EvoFox Elite Ops Wireless Gamepad for Android TV, PC (X Input) and PS3 | Type-C Charging | 8+ Hours of Play Time | Zero Lag Connectivity Upto 12 Feets | Digital Triggers | USB Extender for TV Included | - Dusk Grey]
	at org.testng.asserts.SoftAssert.assertAll(SoftAssert.java:47)
	at org.testng.asserts.SoftAssert.assertAll(SoftAssert.java:31)
	at testNG_TestCasses.PDPTest.test1_VerifyTheProductTest(PDPTest.java:88)
	at java.base/jdk.internal.reflect.DirectMethodHandleAccessor.invoke(DirectMethodHandleAccessor.java:104)
	at java.base/java.lang.reflect.Method.invoke(Method.java:578)
	at org.testng.internal.MethodInvocationHelper.invokeMethod(MethodInvocationHelper.java:134)
	at org.testng.internal.TestInvoker.invokeMethod(TestInvoker.java:597)
	at org.testng.internal.TestInvoker.invokeTestMethod(TestInvoker.java:173)
	at org.testng.internal.MethodRunner.runInSequence(MethodRunner.java:46)
	at org.testng.internal.TestInvoker$MethodInvocationAgent.invoke(TestInvoker.java:816)
	at org.testng.internal.TestInvoker.invokeTestMethods(TestInvoker.java:146)
	at org.testng.internal.TestMethodWorker.invokeTestMethods(TestMethodWorker.java:146)
	at org.testng.internal.TestMethodWorker.run(TestMethodWorker.java:128)
	at java.base/java.util.concurrent.ThreadPoolExecutor.runWorker(ThreadPoolExecutor.java:1144)
	at java.base/java.util.concurrent.ThreadPoolExecutor$Worker.run(ThreadPoolExecutor.java:642)
	at java.base/java.lang.Thread.run(Thread.java:1589)
</pre></div></td>
<td>13</td>
<td>testNG_TestCasses.PDPTest@1534f01b</td></tr>
</table><p>
<table width='100%' border='1' class='invocation-passed'>
<tr><td colspan='4' align='center'><b>PASSED TESTS</b></td></tr>
<tr><td><b>Test method</b></td>
<td width="30%"><b>Exception</b></td>
<td width="10%"><b>Time (seconds)</b></td>
<td><b>Instance</b></td>
</tr>
<tr>
<td title='testNG_TestCasses.SearchAProductTest.test1_SearchAProductTest()'><b>test1_SearchAProductTest</b><br>Test class: testNG_TestCasses.SearchAProductTest</td>
<td></td>
<td>4</td>
<td>testNG_TestCasses.SearchAProductTest@65466a6a</td></tr>
<tr>
<td title='testNG_TestCasses.LoginTestWithInvalidData.test1_VerifyLoginByPassingInValidEmailAndPassword()'><b>test1_VerifyLoginByPassingInValidEmailAndPassword</b><br>Test class: testNG_TestCasses.LoginTestWithInvalidData</td>
<td></td>
<td>3</td>
<td>testNG_TestCasses.LoginTestWithInvalidData@4ddced80</td></tr>
<tr>
<td title='testNG_TestCasses.LoginTestWithValidData.test1_VerifyLoginByPassingValidEmailAndPassword()'><b>test1_VerifyLoginByPassingValidEmailAndPassword</b><br>Test class: testNG_TestCasses.LoginTestWithValidData</td>
<td></td>
<td>4</td>
<td>testNG_TestCasses.LoginTestWithValidData@78e117e3</td></tr>
<tr>
<td title='testNG_TestCasses.LoginTestWithInvalidData.test2_VerifyLoginByPassingInValidMobileAndPassword()'><b>test2_VerifyLoginByPassingInValidMobileAndPassword</b><br>Test class: testNG_TestCasses.LoginTestWithInvalidData</td>
<td></td>
<td>0</td>
<td>testNG_TestCasses.LoginTestWithInvalidData@4ddced80</td></tr>
<tr>
<td title='testNG_TestCasses.LoginTestWithValidData.test2_VerifyLoginByPassingValidMobileAndPassword()'><b>test2_VerifyLoginByPassingValidMobileAndPassword</b><br>Test class: testNG_TestCasses.LoginTestWithValidData</td>
<td></td>
<td>4</td>
<td>testNG_TestCasses.LoginTestWithValidData@78e117e3</td></tr>
</table><p>
</body>
</html>