<?xml version="1.0" encoding="UTF-8"?>
<!-- Generated by org.testng.reporters.JUnitXMLReporter -->
<testsuite ignored="0" hostname="Maxima" failures="2" tests="6" name="Test" time="33.122" errors="0" timestamp="2023-02-17T18:57:32 IST">
  <testcase classname="testNG_TestCasses.SearchAProductTest" name="@BeforeMethod enterURL" time="2.79">
    <failure type="java.io.FileNotFoundException" message="C:\Users\anshe\eclipse-workspace\amazon_Automation\src\main\resources\TestData\AmazonTestData.xlsx (The system cannot find the path specified)">
      <![CDATA[java.io.FileNotFoundException: C:\Users\anshe\eclipse-workspace\amazon_Automation\src\main\resources\TestData\AmazonTestData.xlsx (The system cannot find the path specified)
at java.base/java.io.FileInputStream.open0(Native Method)
at java.base/java.io.FileInputStream.open(FileInputStream.java:219)
at java.base/java.io.FileInputStream.<init>(FileInputStream.java:158)
at java.base/java.io.FileInputStream.<init>(FileInputStream.java:112)
at utils.Utility.getTestData(Utility.java:28)
at testNG_TestCasses.SearchAProductTest.enterURL(SearchAProductTest.java:55)
at java.base/java.util.ArrayList.forEach(ArrayList.java:1511)
... Removed 29 stack frames]]>
    </failure>
  </testcase> <!-- @BeforeMethod enterURL -->
  <testcase classname="testNG_TestCasses.SearchAProductTest" name="@AfterMethod getBackToHomePage" time="-1.676640431365E9">
    <skipped/>
  </testcase> <!-- @AfterMethod getBackToHomePage -->
  <testcase classname="testNG_TestCasses.SearchAProductTest" name="@AfterClass removeObjects" time="-1.676640431366E9">
    <skipped/>
  </testcase> <!-- @AfterClass removeObjects -->
  <testcase classname="testNG_TestCasses.LoginTestWithInvalidData" name="@AfterMethod getBackToHomePage" time="0.189">
    <failure type="java.io.FileNotFoundException" message="C:\Users\anshe\eclipse-workspace\amazon_Automation\src\main\resources\FailedScreenshot DATEtest1_VerifyLoginByPassingInValidEmailAndPassword TIME 17 02 2023 18 57 12.png (The system cannot find the path specified)">
      <![CDATA[java.io.FileNotFoundException: C:\Users\anshe\eclipse-workspace\amazon_Automation\src\main\resources\FailedScreenshot DATEtest1_VerifyLoginByPassingInValidEmailAndPassword TIME 17 02 2023 18 57 12.png (The system cannot find the path specified)
at java.base/java.io.FileOutputStream.open0(Native Method)
at java.base/java.io.FileOutputStream.open(FileOutputStream.java:295)
at java.base/java.io.FileOutputStream.<init>(FileOutputStream.java:236)
at java.base/java.io.FileOutputStream.<init>(FileOutputStream.java:185)
at org.openqa.selenium.io.FileHandler.copyFile(FileHandler.java:138)
at org.openqa.selenium.io.FileHandler.copy(FileHandler.java:117)
at utils.Utility.captureScreenshot(Utility.java:53)
at testNG_TestCasses.LoginTestWithInvalidData.getBackToHomePage(LoginTestWithInvalidData.java:81)
at java.base/java.util.ArrayList.forEach(ArrayList.java:1511)
... Removed 30 stack frames]]>
    </failure>
  </testcase> <!-- @AfterMethod getBackToHomePage -->
  <testcase classname="testNG_TestCasses.LoginTestWithInvalidData" name="@BeforeMethod enterURL" time="-1.67664043316E9">
    <skipped/>
  </testcase> <!-- @BeforeMethod enterURL -->
  <testcase classname="testNG_TestCasses.LoginTestWithInvalidData" name="@AfterMethod getBackToHomePage" time="-1.676640433162E9">
    <skipped/>
  </testcase> <!-- @AfterMethod getBackToHomePage -->
  <testcase classname="testNG_TestCasses.LoginTestWithInvalidData" name="@AfterClass removeObjects" time="-1.676640433162E9">
    <skipped/>
  </testcase> <!-- @AfterClass removeObjects -->
  <testcase classname="testNG_TestCasses.PDPTest" name="@BeforeMethod enterURL" time="2.599">
    <failure type="java.io.FileNotFoundException" message="C:\Users\anshe\eclipse-workspace\amazon_Automation\src\main\resources\TestData\AmazonTestData.xlsx (The system cannot find the path specified)">
      <![CDATA[java.io.FileNotFoundException: C:\Users\anshe\eclipse-workspace\amazon_Automation\src\main\resources\TestData\AmazonTestData.xlsx (The system cannot find the path specified)
at java.base/java.io.FileInputStream.open0(Native Method)
at java.base/java.io.FileInputStream.open(FileInputStream.java:219)
at java.base/java.io.FileInputStream.<init>(FileInputStream.java:158)
at java.base/java.io.FileInputStream.<init>(FileInputStream.java:112)
at utils.Utility.getTestData(Utility.java:28)
at testNG_TestCasses.PDPTest.enterURL(PDPTest.java:58)
at java.base/java.util.ArrayList.forEach(ArrayList.java:1511)
... Removed 29 stack frames]]>
    </failure>
  </testcase> <!-- @BeforeMethod enterURL -->
  <testcase classname="testNG_TestCasses.PDPTest" name="@AfterMethod getBackToHomePage" time="-1.676640435767E9">
    <skipped/>
  </testcase> <!-- @AfterMethod getBackToHomePage -->
  <testcase classname="testNG_TestCasses.PDPTest" name="@AfterClass removeObjects" time="-1.676640435768E9">
    <skipped/>
  </testcase> <!-- @AfterClass removeObjects -->
  <testcase classname="testNG_TestCasses.LoginTestWithValidData" name="@AfterMethod getBackToHomePage" time="15.037">
    <failure type="org.openqa.selenium.json.JsonException" message="java.lang.reflect.InvocationTargetException
Build info: version: &amp;apos;3.141.59&amp;apos;, revision: &amp;apos;e82be7d358&amp;apos;, time: &amp;apos;2018-11-14T08:17:03&amp;apos;
System info: host: &amp;apos;MAXIMA&amp;apos;, ip: &amp;apos;192.168.0.101&amp;apos;, os.name: &amp;apos;Windows 11&amp;apos;, os.arch: &amp;apos;amd64&amp;apos;, os.version: &amp;apos;10.0&amp;apos;, java.version: &amp;apos;19.0.1&amp;apos;
Driver info: driver.version: RemoteWebDriver">
      <![CDATA[org.openqa.selenium.json.JsonException: java.lang.reflect.InvocationTargetException
Build info: version: '3.141.59', revision: 'e82be7d358', time: '2018-11-14T08:17:03'
System info: host: 'MAXIMA', ip: '192.168.0.101', os.name: 'Windows 11', os.arch: 'amd64', os.version: '10.0', java.version: '19.0.1'
Driver info: driver.version: RemoteWebDriver
at org.openqa.selenium.json.JsonOutput.convertUsingMethod(JsonOutput.java:332)
at org.openqa.selenium.json.JsonOutput.lambda$new$16(JsonOutput.java:155)
at org.openqa.selenium.json.JsonOutput.write(JsonOutput.java:264)
at org.openqa.selenium.json.JsonOutput.lambda$null$21(JsonOutput.java:168)
at java.base/java.util.LinkedHashMap$LinkedValues.forEach(LinkedHashMap.java:655)
at org.openqa.selenium.json.JsonOutput.lambda$new$22(JsonOutput.java:168)
at org.openqa.selenium.json.JsonOutput.write(JsonOutput.java:264)
at org.openqa.selenium.json.JsonOutput.lambda$null$23(JsonOutput.java:177)
at com.google.common.collect.SingletonImmutableBiMap.forEach(SingletonImmutableBiMap.java:65)
at org.openqa.selenium.json.JsonOutput.lambda$new$24(JsonOutput.java:176)
at org.openqa.selenium.json.JsonOutput.write(JsonOutput.java:264)
at org.openqa.selenium.json.JsonOutput.write(JsonOutput.java:255)
at org.openqa.selenium.json.Json.toJson(Json.java:42)
at org.openqa.selenium.remote.http.AbstractHttpCommandCodec.encode(AbstractHttpCommandCodec.java:227)
at org.openqa.selenium.remote.http.AbstractHttpCommandCodec.encode(AbstractHttpCommandCodec.java:117)
at org.openqa.selenium.remote.HttpCommandExecutor.execute(HttpCommandExecutor.java:152)
at org.openqa.selenium.remote.service.DriverCommandExecutor.execute(DriverCommandExecutor.java:83)
at org.openqa.selenium.remote.RemoteWebDriver.execute(RemoteWebDriver.java:552)
at org.openqa.selenium.remote.RemoteWebDriver.perform(RemoteWebDriver.java:618)
at org.openqa.selenium.interactions.Actions$BuiltAction.perform(Actions.java:639)
at POM_Pages.HomePage.selectSignOutFromAccAndListDropdown(HomePage.java:37)
at testNG_TestCasses.LoginTestWithValidData.getBackToHomePage(LoginTestWithValidData.java:82)
at java.base/java.util.ArrayList.forEach(ArrayList.java:1511)
Suppressed: org.openqa.selenium.json.JsonException: Attempting to close incomplete json stream
Build info: version: '3.141.59', revision: 'e82be7d358', time: '2018-11-14T08:17:03'
System info: host: 'MAXIMA', ip: '192.168.0.101', os.name: 'Windows 11', os.arch: 'amd64', os.version: '10.0', java.version: '19.0.1'
Driver info: driver.version: RemoteWebDriver
at org.openqa.selenium.json.JsonOutput.close(JsonOutput.java:279)
at org.openqa.selenium.json.Json.toJson(Json.java:44)
... 40 more
at org.openqa.selenium.json.JsonOutput.convertUsingMethod(JsonOutput.java:328)
... 52 more
Caused by: org.openqa.selenium.NoSuchElementException: no such element: Unable to locate element: {"method":"xpath","selector":"//span[text()='Account & Lists']"}
  (Session info: MicrosoftEdge=110.0.1587.46)
For documentation on this error, please visit: https://www.seleniumhq.org/exceptions/no_such_element.html
Build info: version: '3.141.59', revision: 'e82be7d358', time: '2018-11-14T08:17:03'
System info: host: 'MAXIMA', ip: '192.168.0.101', os.name: 'Windows 11', os.arch: 'amd64', os.version: '10.0', java.version: '19.0.1'
Driver info: org.openqa.selenium.edge.EdgeDriver
Capabilities {acceptInsecureCerts: false, browserName: msedge, browserVersion: 110.0.1587.46, javascriptEnabled: true, ms:edgeOptions: {debuggerAddress: localhost:53353}, msedge: {msedgedriverVersion: 109.0.1518.70 (f787d2c3a418..., userDataDir: C:\Users\anshe\AppData\Loca...}, networkConnectionEnabled: false, pageLoadStrategy: normal, platform: WINDOWS, platformName: WINDOWS, proxy: Proxy(), setWindowRect: true, strictFileInteractability: false, timeouts: {implicit: 0, pageLoad: 300000, script: 30000}, unhandledPromptBehavior: dismiss and notify, webauthn:extension:credBlob: true, webauthn:extension:largeBlob: true, webauthn:virtualAuthenticators: true}
Session ID: 79e75f666961df64f527aded2debef82
*** Element info: {Using=xpath, value=//span[text()='Account & Lists']}
at org.openqa.selenium.remote.http.W3CHttpResponseCodec.createException(W3CHttpResponseCodec.java:187)
at org.openqa.selenium.remote.http.W3CHttpResponseCodec.decode(W3CHttpResponseCodec.java:122)
at org.openqa.selenium.remote.http.W3CHttpResponseCodec.decode(W3CHttpResponseCodec.java:49)
at org.openqa.selenium.remote.HttpCommandExecutor.execute(HttpCommandExecutor.java:158)
at org.openqa.selenium.remote.service.DriverCommandExecutor.execute(DriverCommandExecutor.java:83)
at org.openqa.selenium.remote.RemoteWebDriver.execute(RemoteWebDriver.java:552)
at org.openqa.selenium.remote.RemoteWebDriver.findElement(RemoteWebDriver.java:323)
at org.openqa.selenium.remote.RemoteWebDriver.findElementByXPath(RemoteWebDriver.java:428)
at org.openqa.selenium.By$ByXPath.findElement(By.java:353)
at org.openqa.selenium.remote.RemoteWebDriver.findElement(RemoteWebDriver.java:315)
at org.openqa.selenium.support.pagefactory.DefaultElementLocator.findElement(DefaultElementLocator.java:69)
at org.openqa.selenium.support.pagefactory.internal.LocatingElementHandler.invoke(LocatingElementHandler.java:38)
at jdk.proxy2/jdk.proxy2.$Proxy16.getWrappedElement(Unknown Source)
at org.openqa.selenium.interactions.PointerInput$Origin.asArg(PointerInput.java:204)
at org.openqa.selenium.interactions.PointerInput$Move.encode(PointerInput.java:155)
at org.openqa.selenium.interactions.Sequence.encode(Sequence.java:75)
at org.openqa.selenium.interactions.Sequence.toJson(Sequence.java:84)
... 54 more
... Removed 37 stack frames]]>
    </failure>
  </testcase> <!-- @AfterMethod getBackToHomePage -->
  <testcase classname="testNG_TestCasses.LoginTestWithValidData" name="@BeforeMethod enterURL" time="-1.676640452921E9">
    <skipped/>
  </testcase> <!-- @BeforeMethod enterURL -->
  <testcase classname="testNG_TestCasses.LoginTestWithValidData" name="@AfterMethod getBackToHomePage" time="-1.676640452923E9">
    <skipped/>
  </testcase> <!-- @AfterMethod getBackToHomePage -->
  <testcase classname="testNG_TestCasses.LoginTestWithValidData" name="@AfterClass removeObjects" time="-1.676640452924E9">
    <skipped/>
  </testcase> <!-- @AfterClass removeObjects -->
  <testcase classname="testNG_TestCasses.LoginTestWithInvalidData" name="@AfterTest quitBrowser" time="-1.676640452924E9">
    <skipped/>
  </testcase> <!-- @AfterTest quitBrowser -->
  <testcase classname="testNG_TestCasses.LoginTestWithValidData" name="@AfterTest quitBrowser" time="-1.676640452925E9">
    <skipped/>
  </testcase> <!-- @AfterTest quitBrowser -->
  <testcase classname="testNG_TestCasses.PDPTest" name="@AfterTest quitBrowser" time="-1.676640452925E9">
    <skipped/>
  </testcase> <!-- @AfterTest quitBrowser -->
  <testcase classname="testNG_TestCasses.SearchAProductTest" name="@AfterTest quitBrowser" time="-1.676640452926E9">
    <skipped/>
  </testcase> <!-- @AfterTest quitBrowser -->
  <testcase classname="testNG_TestCasses.SearchAProductTest" name="test1_SearchAProductTest" time="0.0">
    <skipped/>
  </testcase> <!-- test1_SearchAProductTest -->
  <testcase classname="testNG_TestCasses.LoginTestWithInvalidData" name="test1_VerifyLoginByPassingInValidEmailAndPassword" time="0.002">
    <failure type="java.io.FileNotFoundException" message="C:\Users\anshe\eclipse-workspace\amazon_Automation\src\main\resources\TestData\AmazonTestData.xlsx (The system cannot find the path specified)">
      <![CDATA[java.io.FileNotFoundException: C:\Users\anshe\eclipse-workspace\amazon_Automation\src\main\resources\TestData\AmazonTestData.xlsx (The system cannot find the path specified)
at java.base/java.io.FileInputStream.open0(Native Method)
at java.base/java.io.FileInputStream.open(FileInputStream.java:219)
at java.base/java.io.FileInputStream.<init>(FileInputStream.java:158)
at java.base/java.io.FileInputStream.<init>(FileInputStream.java:112)
at utils.Utility.getTestData(Utility.java:28)
at testNG_TestCasses.LoginTestWithInvalidData.test1_VerifyLoginByPassingInValidEmailAndPassword(LoginTestWithInvalidData.java:57)
at java.base/java.util.ArrayList.forEach(ArrayList.java:1511)
... Removed 25 stack frames]]>
    </failure>
  </testcase> <!-- test1_VerifyLoginByPassingInValidEmailAndPassword -->
  <testcase classname="testNG_TestCasses.LoginTestWithInvalidData" name="test2_VerifyLoginByPassingInValidMobileAndPassword" time="0.0">
    <skipped/>
  </testcase> <!-- test2_VerifyLoginByPassingInValidMobileAndPassword -->
  <testcase classname="testNG_TestCasses.PDPTest" name="test1_VerifyTheProductTest" time="0.0">
    <skipped/>
  </testcase> <!-- test1_VerifyTheProductTest -->
  <testcase classname="testNG_TestCasses.LoginTestWithValidData" name="test1_VerifyLoginByPassingValidEmailAndPassword" time="0.001">
    <failure type="java.io.FileNotFoundException" message="C:\Users\anshe\eclipse-workspace\amazon_Automation\src\main\resources\TestData\AmazonTestData.xlsx (The system cannot find the path specified)">
      <![CDATA[java.io.FileNotFoundException: C:\Users\anshe\eclipse-workspace\amazon_Automation\src\main\resources\TestData\AmazonTestData.xlsx (The system cannot find the path specified)
at java.base/java.io.FileInputStream.open0(Native Method)
at java.base/java.io.FileInputStream.open(FileInputStream.java:219)
at java.base/java.io.FileInputStream.<init>(FileInputStream.java:158)
at java.base/java.io.FileInputStream.<init>(FileInputStream.java:112)
at utils.Utility.getTestData(Utility.java:28)
at testNG_TestCasses.LoginTestWithValidData.test1_VerifyLoginByPassingValidEmailAndPassword(LoginTestWithValidData.java:59)
at java.base/java.util.ArrayList.forEach(ArrayList.java:1511)
... Removed 25 stack frames]]>
    </failure>
  </testcase> <!-- test1_VerifyLoginByPassingValidEmailAndPassword -->
  <testcase classname="testNG_TestCasses.LoginTestWithValidData" name="test2_VerifyLoginByPassingValidMobileAndPassword" time="0.0">
    <skipped/>
  </testcase> <!-- test2_VerifyLoginByPassingValidMobileAndPassword -->
</testsuite> <!-- Test -->
