<?xml version="1.0" encoding="UTF-8"?>
<!-- Generated by org.testng.reporters.JUnitReportReporter -->
<testsuite hostname="Maxima" failures="1" tests="1" name="testNG_TestCasses.PDPTest" time="22.068" errors="0" timestamp="2023-02-28T09:16:41 IST" skipped="0">
  <testcase classname="testNG_TestCasses.PDPTest" name="test1_VerifyTheProductTest" time="22.068">
    <failure message="The following asserts failed:
	expected [Amkette Evo Gamepad Pro 4 for Android | Instant Play | Bluetooth 4.0 | Extendable Smartphone Clamp | Works with COD, Mobile Legends, BGMI, LOLWR and Many More | (Iphone and Mediatek Devices not Supported) (Black)] but found [EvoFox Elite Ops Wireless Gamepad for Android TV, PC (X Input) and PS3 | Type-C Charging | 8+ Hours of Play Time | Zero Lag Connectivity Upto 12 Feets | Digital Triggers | USB Extender for TV Included | - Dusk Grey]" type="java.lang.AssertionError">
      <![CDATA[java.lang.AssertionError: The following asserts failed:
expected [Amkette Evo Gamepad Pro 4 for Android | Instant Play | Bluetooth 4.0 | Extendable Smartphone Clamp | Works with COD, Mobile Legends, BGMI, LOLWR and Many More | (Iphone and Mediatek Devices not Supported) (Black)] but found [EvoFox Elite Ops Wireless Gamepad for Android TV, PC (X Input) and PS3 | Type-C Charging | 8+ Hours of Play Time | Zero Lag Connectivity Upto 12 Feets | Digital Triggers | USB Extender for TV Included | - Dusk Grey]
at org.testng.asserts.SoftAssert.assertAll(SoftAssert.java:47)
at org.testng.asserts.SoftAssert.assertAll(SoftAssert.java:31)
at testNG_TestCasses.PDPTest.test1_VerifyTheProductTest(PDPTest.java:88)
at java.base/jdk.internal.reflect.DirectMethodHandleAccessor.invoke(DirectMethodHandleAccessor.java:104)
at java.base/java.lang.reflect.Method.invoke(Method.java:578)
at org.testng.internal.MethodInvocationHelper.invokeMethod(MethodInvocationHelper.java:134)
at org.testng.internal.TestInvoker.invokeMethod(TestInvoker.java:597)
at org.testng.internal.TestInvoker.invokeTestMethod(TestInvoker.java:173)
at org.testng.internal.MethodRunner.runInSequence(MethodRunner.java:46)
at org.testng.internal.TestInvoker$MethodInvocationAgent.invoke(TestInvoker.java:816)
at org.testng.internal.TestInvoker.invokeTestMethods(TestInvoker.java:146)
at org.testng.internal.TestMethodWorker.invokeTestMethods(TestMethodWorker.java:146)
at org.testng.internal.TestMethodWorker.run(TestMethodWorker.java:128)
at java.base/java.util.concurrent.ThreadPoolExecutor.runWorker(ThreadPoolExecutor.java:1144)
at java.base/java.util.concurrent.ThreadPoolExecutor$Worker.run(ThreadPoolExecutor.java:642)
at java.base/java.lang.Thread.run(Thread.java:1589)
]]>
    </failure>
  </testcase> <!-- test1_VerifyTheProductTest -->
  <system-out/>
</testsuite> <!-- testNG_TestCasses.PDPTest -->
